
> ai-paper-trading-frontend@0.1.0 build
> next build

   ▲ Next.js 14.1.0

   Creating an optimized production build ...
 ✓ Compiled successfully
   Linting and checking validity of types ...
   Collecting page data ...
   Generating static pages (0/10) ...
   Generating static pages (2/10)
   Generating static pages (4/10)
   Generating static pages (7/10)
 ✓ Generating static pages (10/10)
   Finalizing page optimization ...
   Collecting build traces ...

Route (app)                              Size     First Load JS
┌ ○ /                                    2.25 kB        94.1 kB
├ ○ /_not-found                          882 B          85.1 kB
├ ○ /analytics                           1.33 kB        93.1 kB
├ ○ /chat                                2.17 kB          94 kB
├ ○ /login                               2.37 kB        86.6 kB
├ ○ /portfolio                           1.69 kB        93.5 kB
├ ○ /reports                             137 B          84.4 kB
└ ○ /trade                               2.16 kB          94 kB
+ First Load JS shared by all            84.2 kB
  ├ chunks/69-c66082c76cbf515d.js        28.9 kB
  ├ chunks/fd9d1056-858730281dc75e69.js  53.4 kB
  └ other shared chunks (total)          1.96 kB


○  (Static)  prerendered as static content
